---> pavement.build
Building into  ../../static/compthink
HELLO
mkdir_p path(u'.\\../../static/compthink')
mkdir_p path(u'../../static/compthink')
mkdir_p path(u'.\\../../static/compthink\\doctrees')
sphinx-build  -b html -d .\../../static/compthink\doctrees -c . -Acourse_id=compthink -Aloglevel=10 -Alogin_required=false -Acourse_url=http://127.0.0.1:8000 -Aappname=runestone .\_sources ../../static/compthink
Running Sphinx v1.2.1
loading pickled environment... done
building [html]: targets for 2 source files that are out of date
updating environment: 0 added, 0 changed, 0 removed
looking for now-outdated files... none found
preparing documents... done
writing output... [ 50%] index
writing output... [100%] introduction

writing additional files... genindex search
copying static files... done
copying extra files... done
dumping search index... done
dumping object inventory... done
build succeeded.
